#
# A fatal error has been detected by the Java Runtime Environment:
#
#  EXCEPTION_ACCESS_VIOLATION (0xc0000005) at pc=0x00007ffae1b0b750, pid=28032, tid=20736
#
# JRE version: Java(TM) SE Runtime Environment (11.0.6+8) (build 11.0.6+8-LTS)
# Java VM: Java HotSpot(TM) 64-Bit Server VM (11.0.6+8-LTS, mixed mode, tiered, compressed oops, parallel gc, windows-amd64)
# Problematic frame:
# V  [jvm.dll+0x38b750]
#
# No core dump will be written. Minidumps are not enabled by default on client versions of Windows
#
# If you would like to submit a bug report, please visit:
#   http://bugreport.java.com/bugreport/crash.jsp
#

---------------  S U M M A R Y ------------

Command Line: --add-modules=ALL-SYSTEM --add-opens=java.base/java.util=ALL-UNNAMED --add-opens=java.base/java.lang=ALL-UNNAMED -Declipse.application=org.eclipse.jdt.ls.core.id1 -Dosgi.bundles.defaultStartLevel=4 -Declipse.product=org.eclipse.jdt.ls.core.product -Dfile.encoding=utf8 -DwatchParentProcess=false -XX:+UseParallelGC -XX:GCTimeRatio=4 -XX:AdaptiveSizePolicyWeight=90 -Dsun.zip.disableMemoryMapping=true -Xmx1G -Xms100m -Xverify:none c:\Users\Mohit Babani\.vscode\extensions\redhat.java-0.80.0\server\plugins\org.eclipse.equinox.launcher_1.6.200.v20210416-2027.jar -configuration c:\Users\Mohit Babani\AppData\Roaming\Code\User\globalStorage\redhat.java\0.80.0\config_ss_win -data c:\Users\Mohit Babani\AppData\Roaming\Code\User\workspaceStorage\90c5cf528f7120e6ff1ab774fcbb5bdf\redhat.java\ss_ws

Host: Intel(R) Core(TM) i7-8750H CPU @ 2.20GHz, 12 cores, 7G,  Windows 10 , 64 bit Build 19041 (10.0.19041.1023)
Time: Fri Jul 30 13:55:18 2021 India Standard Time elapsed time: 5 seconds (0d 0h 0m 5s)

---------------  T H R E A D  ---------------

Current thread (0x000001ab8f9e5800):  JavaThread "pool-1-thread-1" [_thread_in_vm, id=20736, stack(0x00000043c6300000,0x00000043c6400000)]

Stack: [0x00000043c6300000,0x00000043c6400000],  sp=0x00000043c63fd5a0,  free space=1013k
Native frames: (J=compiled Java code, j=interpreted, Vv=VM code, C=native code)
V  [jvm.dll+0x38b750]
C  0x000001ab8000d657

Java frames: (J=compiled Java code, j=interpreted, Vv=VM code)
j  org.eclipse.jdt.internal.compiler.parser.Scanner.getNextToken0()I+93
j  org.eclipse.jdt.internal.compiler.parser.Scanner.getNextToken()I+47
j  org.eclipse.jdt.internal.compiler.parser.Parser.fetchNextToken()I+4
j  org.eclipse.jdt.internal.compiler.parser.Parser.parse()V+329
j  org.eclipse.jdt.internal.compiler.parser.Parser.parse(Lorg/eclipse/jdt/internal/compiler/env/ICompilationUnit;Lorg/eclipse/jdt/internal/compiler/CompilationResult;II)Lorg/eclipse/jdt/internal/compiler/ast/CompilationUnitDeclaration;+178
j  org.eclipse.jdt.internal.compiler.parser.Parser.parse(Lorg/eclipse/jdt/internal/compiler/env/ICompilationUnit;Lorg/eclipse/jdt/internal/compiler/CompilationResult;)Lorg/eclipse/jdt/internal/compiler/ast/CompilationUnitDeclaration;+5
j  org.eclipse.jdt.internal.compiler.parser.Parser.dietParse(Lorg/eclipse/jdt/internal/compiler/env/ICompilationUnit;Lorg/eclipse/jdt/internal/compiler/CompilationResult;)Lorg/eclipse/jdt/internal/compiler/ast/CompilationUnitDeclaration;+25
j  org.eclipse.jdt.core.dom.CompilationUnitResolver.parse(Lorg/eclipse/jdt/internal/compiler/env/ICompilationUnit;Lorg/eclipse/jdt/core/dom/NodeSearcher;Ljava/util/Map;I)Lorg/eclipse/jdt/internal/compiler/ast/CompilationUnitDeclaration;+117
j  org.eclipse.jdt.core.dom.ASTParser.internalCreateAST(Lorg/eclipse/core/runtime/IProgressMonitor;)Lorg/eclipse/jdt/core/dom/ASTNode;+914
j  org.eclipse.jdt.core.dom.ASTParser.createAST(Lorg/eclipse/core/runtime/IProgressMonitor;)Lorg/eclipse/jdt/core/dom/ASTNode;+38
j  org.eclipse.jdt.ls.core.internal.JDTUtils.getPackageName(Lorg/eclipse/jdt/core/IJavaProject;Ljava/lang/String;)Ljava/lang/String;+36
j  org.eclipse.jdt.ls.core.internal.JDTUtils.getPackageName(Lorg/eclipse/jdt/core/IJavaProject;Ljava/net/URI;)Ljava/lang/String;+194
j  org.eclipse.jdt.ls.core.internal.managers.InvisibleProjectImporter.getPackageName(Lorg/eclipse/core/runtime/IPath;Lorg/eclipse/core/runtime/IPath;Lorg/eclipse/jdt/core/IJavaProject;[[Ljava/lang/String;)Ljava/lang/String;+60
j  org.eclipse.jdt.ls.core.internal.managers.InvisibleProjectImporter.getPackageName(Lorg/eclipse/core/runtime/IPath;Lorg/eclipse/core/runtime/IPath;[[Ljava/lang/String;)Ljava/lang/String;+32
j  org.eclipse.jdt.ls.core.internal.managers.InvisibleProjectImporter.tryResolveSourceDirectory(Lorg/eclipse/core/runtime/IPath;Lorg/eclipse/core/runtime/IPath;[[Ljava/lang/String;)Lorg/eclipse/core/runtime/IPath;+3
j  org.eclipse.jdt.ls.core.internal.syntaxserver.SyntaxDocumentLifeCycleHandler.tryUpdateClasspath(Lorg/eclipse/core/runtime/IPath;Lorg/eclipse/core/runtime/IPath;)Z+51
j  org.eclipse.jdt.ls.core.internal.syntaxserver.SyntaxDocumentLifeCycleHandler.resolveCompilationUnit(Ljava/lang/String;)Lorg/eclipse/jdt/core/ICompilationUnit;+82
j  org.eclipse.jdt.ls.core.internal.handlers.BaseDocumentLifeCycleHandler.handleOpen(Lorg/eclipse/lsp4j/DidOpenTextDocumentParams;)Lorg/eclipse/jdt/core/ICompilationUnit;+10
j  org.eclipse.jdt.ls.core.internal.handlers.BaseDocumentLifeCycleHandler$5.run(Lorg/eclipse/core/runtime/IProgressMonitor;)V+8
j  org.eclipse.core.internal.resources.Workspace.run(Lorg/eclipse/core/runtime/ICoreRunnable;Lorg/eclipse/core/runtime/jobs/ISchedulingRule;ILorg/eclipse/core/runtime/IProgressMonitor;)V+69
j  org.eclipse.core.internal.resources.Workspace.run(Lorg/eclipse/core/resources/IWorkspaceRunnable;Lorg/eclipse/core/runtime/jobs/ISchedulingRule;ILorg/eclipse/core/runtime/IProgressMonitor;)V+6
j  org.eclipse.jdt.ls.core.internal.handlers.BaseDocumentLifeCycleHandler.didOpen(Lorg/eclipse/lsp4j/DidOpenTextDocumentParams;)V+32
j  org.eclipse.jdt.ls.core.internal.syntaxserver.SyntaxLanguageServer.didOpen(Lorg/eclipse/lsp4j/DidOpenTextDocumentParams;)V+11
v  ~StubRoutines::call_stub
j  jdk.internal.reflect.NativeMethodAccessorImpl.invoke0(Ljava/lang/reflect/Method;Ljava/lang/Object;[Ljava/lang/Object;)Ljava/lang/Object;+0 java.base@11.0.6
j  jdk.internal.reflect.NativeMethodAccessorImpl.invoke(Ljava/lang/Object;[Ljava/lang/Object;)Ljava/lang/Object;+100 java.base@11.0.6
J 949 c1 jdk.internal.reflect.DelegatingMethodAccessorImpl.invoke(Ljava/lang/Object;[Ljava/lang/Object;)Ljava/lang/Object; java.base@11.0.6 (10 bytes) @ 0x000001ab8072c35c [0x000001ab8072c260+0x00000000000000fc]
J 948 c1 java.lang.reflect.Method.invoke(Ljava/lang/Object;[Ljava/lang/Object;)Ljava/lang/Object; java.base@11.0.6 (65 bytes) @ 0x000001ab8072bd4c [0x000001ab8072ba20+0x000000000000032c]
j  org.eclipse.lsp4j.jsonrpc.services.GenericEndpoint.lambda$null$0(Lorg/eclipse/lsp4j/jsonrpc/services/AnnotationUtil$MethodInfo;Ljava/lang/Object;Ljava/lang/Object;)Ljava/util/concurrent/CompletableFuture;+20
j  org.eclipse.lsp4j.jsonrpc.services.GenericEndpoint$$Lambda$135.apply(Ljava/lang/Object;)Ljava/lang/Object;+13
j  org.eclipse.lsp4j.jsonrpc.services.GenericEndpoint.notify(Ljava/lang/String;Ljava/lang/Object;)V+18
j  org.eclipse.lsp4j.jsonrpc.RemoteEndpoint.handleNotification(Lorg/eclipse/lsp4j/jsonrpc/messages/NotificationMessage;)V+20
j  org.eclipse.lsp4j.jsonrpc.RemoteEndpoint.consume(Lorg/eclipse/lsp4j/jsonrpc/messages/Message;)V+14
j  org.eclipse.lsp4j.jsonrpc.json.StreamMessageProducer.handleMessage(Ljava/io/InputStream;Lorg/eclipse/lsp4j/jsonrpc/json/StreamMessageProducer$Headers;)Z+99
j  org.eclipse.lsp4j.jsonrpc.json.StreamMessageProducer.listen(Lorg/eclipse/lsp4j/jsonrpc/MessageConsumer;)V+158
j  org.eclipse.lsp4j.jsonrpc.json.ConcurrentMessageProcessor.run()V+12
j  java.util.concurrent.Executors$RunnableAdapter.call()Ljava/lang/Object;+4 java.base@11.0.6
j  java.util.concurrent.FutureTask.run()V+39 java.base@11.0.6
j  java.util.concurrent.ThreadPoolExecutor.runWorker(Ljava/util/concurrent/ThreadPoolExecutor$Worker;)V+92 java.base@11.0.6
j  java.util.concurrent.ThreadPoolExecutor$Worker.run()V+5 java.base@11.0.6
j  java.lang.Thread.run()V+11 java.base@11.0.6
v  ~StubRoutines::call_stub

siginfo: EXCEPTION_ACCESS_VIOLATION (0xc0000005), reading address 0x00000000ecac2004


Register to memory mapping:

RIP=0x00007ffae1b0b750 jvm.dll
RAX=0x000000000000000c is an unknown value
RBX=0x0000000000000533 is an unknown value
RCX=0x00000043c63fd5d0 is pointing into the stack for thread: 0x000001ab8f9e5800
RDX=0x00007ffae1fd7778 jvm.dll
RSP=0x00000043c63fd5a0 is pointing into the stack for thread: 0x000001ab8f9e5800
RBP=0x000001ab8f556710 points into unknown readable memory: 00 00 00 00 00 00 00 00
RSI=0x000001ab8fa7c3f0 points into unknown readable memory: 02 00 00 00 73 c7 43 40
RDI=0x000001ab8f9e5800 is a thread
R8 =0x0000000000000533 is an unknown value
R9 =0x00000043c63fd510 is pointing into the stack for thread: 0x000001ab8f9e5800
R10=0x0 is NULL
R11=0x1df0000000000000 is an unknown value
R12=0x00000000ecac1ff8 is an unallocated location in the heap
R13=0x00000000000003d8 is an unknown value
R14=0x000001ab8f556720 points into unknown readable memory: 94 a1 92 fe ab 01 00 00
R15=0x000001ab8f556af8 points into unknown readable memory: 5f 41 4e ea 00 09 00 80


Registers:
RAX=0x000000000000000c, RBX=0x0000000000000533, RCX=0x00000043c63fd5d0, RDX=0x00007ffae1fd7778
RSP=0x00000043c63fd5a0, RBP=0x000001ab8f556710, RSI=0x000001ab8fa7c3f0, RDI=0x000001ab8f9e5800
R8 =0x0000000000000533, R9 =0x00000043c63fd510, R10=0x0000000000000000, R11=0x1df0000000000000
R12=0x00000000ecac1ff8, R13=0x00000000000003d8, R14=0x000001ab8f556720, R15=0x000001ab8f556af8
RIP=0x00007ffae1b0b750, EFLAGS=0x0000000000010202

Top of Stack: (sp=0x00000043c63fd5a0)
0x00000043c63fd5a0:   0000000000000533 000000000000007d
0x00000043c63fd5b0:   000001abffe34700 0000000000000000
0x00000043c63fd5c0:   00000043c63fd5d8 00000043c63fd628
0x00000043c63fd5d0:   00007ffae2048ee0 0000005000000000
0x00000043c63fd5e0:   0000000000000000 0000000000000000
0x00000043c63fd5f0:   0000000000000000 0000000000000000
0x00000043c63fd600:   0000000000000000 000001ab8fec53a0
0x00000043c63fd610:   0000000000000000 0000000000000100
0x00000043c63fd620:   00000043c63fd600 00000000ffffffff
0x00000043c63fd630:   000001ab8f9e5800 00000043c63fd758
0x00000043c63fd640:   000001ab908799cd 000000000000001b
0x00000043c63fd650:   0000000000000533 000001ab8000d657
0x00000043c63fd660:   000001ab8f9e5800 00000043c63fd6d8
0x00000043c63fd670:   000000000000007d 0000000000000000
0x00000043c63fd680:   00000000ecac1ff8 000001ab8000d611
0x00000043c63fd690:   00000043c63fd690 000001ab908799cd 

Instructions: (pc=0x00007ffae1b0b750)
0x00007ffae1b0b730:   ca 6c 00 00 48 8d 15 3d c0 4c 00 b9 0c 00 00 00
0x00007ffae1b0b740:   b8 10 00 00 00 0f 45 c1 44 8b c3 48 8d 4c 24 30
0x00007ffae1b0b750:   46 8b 0c 20 e8 47 d1 2a 00 48 8b 1d f0 2f 70 00
0x00007ffae1b0b760:   48 8d 4c 24 30 e8 f6 c1 2a 00 4c 8b cb 48 89 44 


Stack slot to memory mapping:
stack at sp + 0 slots: 0x0000000000000533 is an unknown value
stack at sp + 1 slots: 0x000000000000007d is an unknown value
stack at sp + 2 slots: {method} {0x000001abffe34708} 'isWhitespace' '(C)Z' in 'org/eclipse/jdt/core/compiler/CharOperation'
stack at sp + 3 slots: 0x0 is NULL
stack at sp + 4 slots: 0x00000043c63fd5d8 is pointing into the stack for thread: 0x000001ab8f9e5800
stack at sp + 5 slots: 0x00000043c63fd628 is pointing into the stack for thread: 0x000001ab8f9e5800
stack at sp + 6 slots: 0x00007ffae2048ee0 jvm.dll
stack at sp + 7 slots: 0x0000005000000000 is an unknown value


---------------  P R O C E S S  ---------------

Threads class SMR info:
_java_thread_list=0x000001abfecb8300, length=20, elements={
0x000001abf10c5800, 0x000001abfbd1e800, 0x000001abfbe4b800, 0x000001abfd135800,
0x000001abfd136800, 0x000001abfd13b800, 0x000001abfd13d000, 0x000001abfd0e5000,
0x000001abfd200800, 0x000001abfd474000, 0x000001ab8f2c9800, 0x000001ab8f024800,
0x000001ab8f039800, 0x000001abfebeb000, 0x000001ab8f370800, 0x000001ab8f488800,
0x000001ab8f4b5800, 0x000001ab8f7c6000, 0x000001ab8f9e5800, 0x000001ab8fd14000
}

Java Threads: ( => current thread )
  0x000001abf10c5800 JavaThread "main" [_thread_blocked, id=1892, stack(0x00000043c4500000,0x00000043c4600000)]
  0x000001abfbd1e800 JavaThread "Reference Handler" daemon [_thread_blocked, id=26024, stack(0x00000043c4800000,0x00000043c4900000)]
  0x000001abfbe4b800 JavaThread "Finalizer" daemon [_thread_blocked, id=15056, stack(0x00000043c4900000,0x00000043c4a00000)]
  0x000001abfd135800 JavaThread "Signal Dispatcher" daemon [_thread_blocked, id=35380, stack(0x00000043c4a00000,0x00000043c4b00000)]
  0x000001abfd136800 JavaThread "Attach Listener" daemon [_thread_blocked, id=29880, stack(0x00000043c4b00000,0x00000043c4c00000)]
  0x000001abfd13b800 JavaThread "C2 CompilerThread0" daemon [_thread_blocked, id=33844, stack(0x00000043c4c00000,0x00000043c4d00000)]
  0x000001abfd13d000 JavaThread "C1 CompilerThread0" daemon [_thread_blocked, id=33732, stack(0x00000043c4d00000,0x00000043c4e00000)]
  0x000001abfd0e5000 JavaThread "Sweeper thread" daemon [_thread_blocked, id=18012, stack(0x00000043c4e00000,0x00000043c4f00000)]
  0x000001abfd200800 JavaThread "Common-Cleaner" daemon [_thread_blocked, id=7996, stack(0x00000043c4f00000,0x00000043c5000000)]
  0x000001abfd474000 JavaThread "Service Thread" daemon [_thread_blocked, id=10764, stack(0x00000043c5100000,0x00000043c5200000)]
  0x000001ab8f2c9800 JavaThread "Active Thread: Equinox Container: 51cd0393-4c1e-48e2-9f53-03208fc7b025" [_thread_blocked, id=29284, stack(0x00000043c5300000,0x00000043c5400000)]
  0x000001ab8f024800 JavaThread "Framework Event Dispatcher: Equinox Container: 51cd0393-4c1e-48e2-9f53-03208fc7b025" daemon [_thread_blocked, id=12652, stack(0x00000043c5400000,0x00000043c5500000)]
  0x000001ab8f039800 JavaThread "Start Level: Equinox Container: 51cd0393-4c1e-48e2-9f53-03208fc7b025" daemon [_thread_blocked, id=23508, stack(0x00000043c5500000,0x00000043c5600000)]
  0x000001abfebeb000 JavaThread "SCR Component Actor" daemon [_thread_blocked, id=29860, stack(0x00000043c5600000,0x00000043c5700000)]
  0x000001ab8f370800 JavaThread "Timer-0" daemon [_thread_blocked, id=24380, stack(0x00000043c5a00000,0x00000043c5b00000)]
  0x000001ab8f488800 JavaThread "Worker-JM" [_thread_blocked, id=29592, stack(0x00000043c5b00000,0x00000043c5c00000)]
  0x000001ab8f4b5800 JavaThread "Worker-0" [_thread_blocked, id=10692, stack(0x00000043c5c00000,0x00000043c5d00000)]
  0x000001ab8f7c6000 JavaThread "Worker-1" [_thread_blocked, id=30268, stack(0x00000043c6100000,0x00000043c6200000)]
=>0x000001ab8f9e5800 JavaThread "pool-1-thread-1" [_thread_in_vm, id=20736, stack(0x00000043c6300000,0x00000043c6400000)]
  0x000001ab8fd14000 JavaThread "Worker-2" [_thread_blocked, id=14580, stack(0x00000043c5000000,0x00000043c5100000)]

Other Threads:
  0x000001abfd0e2000 VMThread "VM Thread" [stack: 0x00000043c4700000,0x00000043c4800000] [id=35632]
  0x000001abfd3c6000 WatcherThread [stack: 0x00000043c5200000,0x00000043c5300000] [id=28892]
  0x000001abf10db800 GCTaskThread "ParGC Thread#0" [stack: 0x00000043c4600000,0x00000043c4700000] [id=28644]
  0x000001abfe9d9800 GCTaskThread "ParGC Thread#1" [stack: 0x00000043c5700000,0x00000043c5800000] [id=30124]
  0x000001abfeb1d800 GCTaskThread "ParGC Thread#2" [stack: 0x00000043c5800000,0x00000043c5900000] [id=27864]
  0x000001abfe930000 GCTaskThread "ParGC Thread#3" [stack: 0x00000043c5900000,0x00000043c5a00000] [id=27336]
  0x000001ab8f4b6800 GCTaskThread "ParGC Thread#4" [stack: 0x00000043c5d00000,0x00000043c5e00000] [id=14768]
  0x000001ab8f79a800 GCTaskThread "ParGC Thread#5" [stack: 0x00000043c5e00000,0x00000043c5f00000] [id=25640]
  0x000001ab8f54b800 GCTaskThread "ParGC Thread#6" [stack: 0x00000043c5f00000,0x00000043c6000000] [id=33492]
  0x000001ab8f54c000 GCTaskThread "ParGC Thread#7" [stack: 0x00000043c6000000,0x00000043c6100000] [id=33976]
  0x000001ab8faef800 GCTaskThread "ParGC Thread#8" [stack: 0x00000043c6400000,0x00000043c6500000] [id=3680]
  0x000001ab8faf0800 GCTaskThread "ParGC Thread#9" [stack: 0x00000043c6500000,0x00000043c6600000] [id=32576]

Threads with active compile tasks:

VM state:not at safepoint (normal execution)

VM Mutex/Monitor currently owned by a thread: None

Heap address: 0x00000000c0000000, size: 1024 MB, Compressed Oops mode: 32-bit
Narrow klass base: 0x0000000000000000, Narrow klass shift: 3
Compressed class space size: 1073741824 Address: 0x0000000100000000

Heap:
 PSYoungGen      total 24064K, used 26K [0x00000000eab00000, 0x00000000ec980000, 0x0000000100000000)
  eden space 22528K, 0% used [0x00000000eab00000,0x00000000eab06918,0x00000000ec100000)
  from space 1536K, 0% used [0x00000000ec300000,0x00000000ec300000,0x00000000ec480000)
  to   space 3072K, 0% used [0x00000000ec680000,0x00000000ec680000,0x00000000ec980000)
 ParOldGen       total 68608K, used 22094K [0x00000000c0000000, 0x00000000c4300000, 0x00000000eab00000)
  object space 68608K, 32% used [0x00000000c0000000,0x00000000c15938d8,0x00000000c4300000)
 Metaspace       used 33727K, capacity 35573K, committed 35928K, reserved 1081344K
  class space    used 3165K, capacity 3843K, committed 3968K, reserved 1048576K

Card table byte_map: [0x000001abf0ac0000,0x000001abf0cd0000] _byte_map_base: 0x000001abf04c0000

Marking Bits: (ParMarkBitMap*) 0x00007ffae21efca0
 Begin Bits: [0x000001abf9460000, 0x000001abfa460000)
 End Bits:   [0x000001abfa460000, 0x000001abfb460000)

Polling page: 0x000001abf08b0000

Metaspace:

Usage:
  Non-class:     30.99 MB capacity,    29.85 MB ( 96%) used,     1.07 MB (  3%) free+waste,    68.94 KB ( <1%) overhead. 
      Class:      3.75 MB capacity,     3.09 MB ( 82%) used,   644.99 KB ( 17%) free+waste,    32.75 KB ( <1%) overhead. 
       Both:     34.74 MB capacity,    32.94 MB ( 95%) used,     1.70 MB (  5%) free+waste,   101.69 KB ( <1%) overhead. 

Virtual space:
  Non-class space:       32.00 MB reserved,      31.21 MB ( 98%) committed 
      Class space:        1.00 GB reserved,       3.88 MB ( <1%) committed 
             Both:        1.03 GB reserved,      35.09 MB (  3%) committed 

Chunk freelists:
   Non-Class:  1.75 KB
       Class:  3.63 KB
        Both:  5.38 KB

CodeHeap 'non-profiled nmethods': size=120000Kb used=1431Kb max_used=1431Kb free=118568Kb
 bounds [0x000001ab87ad0000, 0x000001ab87d40000, 0x000001ab8f000000]
CodeHeap 'profiled nmethods': size=120000Kb used=6797Kb max_used=6797Kb free=113202Kb
 bounds [0x000001ab805a0000, 0x000001ab80c50000, 0x000001ab87ad0000]
CodeHeap 'non-nmethods': size=5760Kb used=1197Kb max_used=1220Kb free=4562Kb
 bounds [0x000001ab80000000, 0x000001ab80270000, 0x000001ab805a0000]
 total_blobs=4564 nmethods=3026 adapters=465
 compilation: enabled
              stopped_count=0, restarted_count=0
 full_count=0

Compilation events (10 events):
Event: 5.428 Thread 0x000001abfd13b800 nmethod 3212% 0x000001ab87c32490 code [0x000001ab87c32760, 0x000001ab87c337f0]
Event: 5.428 Thread 0x000001abfd13b800 3214       4       jdk.internal.jimage.ImageStringsReader::charsFromByteBufferLength (47 bytes)
Event: 5.429 Thread 0x000001abfd13b800 nmethod 3214 0x000001ab87c34390 code [0x000001ab87c34540, 0x000001ab87c34678]
Event: 5.429 Thread 0x000001abfd13b800 3213 % !   4       java.util.concurrent.ConcurrentHashMap::transfer @ 96 (828 bytes)
Event: 5.440 Thread 0x000001abfd13b800 nmethod 3213% 0x000001ab87c34810 code [0x000001ab87c349e0, 0x000001ab87c357a8]
Event: 5.682 Thread 0x000001abfd13d000 3223       3       org.eclipse.jdt.internal.compiler.parser.Scanner::internalScanIdentifierOrKeyword (4733 bytes)
Event: 5.756 Thread 0x000001abfd13d000 nmethod 3223 0x000001ab80bfd290 code [0x000001ab80bfdb80, 0x000001ab80c07e70]
Event: 5.756 Thread 0x000001abfd13d000 3224       3       org.eclipse.jdt.internal.compiler.parser.Parser::ntAction (8 bytes)
Event: 5.756 Thread 0x000001abfd13d000 nmethod 3224 0x000001ab80c09c90 code [0x000001ab80c09e40, 0x000001ab80c09fb8]
Event: 5.756 Thread 0x000001abfd13d000 3225       3       org.eclipse.jdt.internal.compiler.parser.Parser::consumeRule (7641 bytes)

GC Heap History (10 events):
Event: 3.187 GC heap before
{Heap before GC invocations=9 (full 1):
 PSYoungGen      total 30720K, used 30714K [0x00000000eab00000, 0x00000000ed480000, 0x0000000100000000)
  eden space 24064K, 100% used [0x00000000eab00000,0x00000000ec280000,0x00000000ec280000)
  from space 6656K, 99% used [0x00000000ec380000,0x00000000ec9fea90,0x00000000eca00000)
  to   space 9216K, 0% used [0x00000000ecb80000,0x00000000ecb80000,0x00000000ed480000)
 ParOldGen       total 68608K, used 10617K [0x00000000c0000000, 0x00000000c4300000, 0x00000000eab00000)
  object space 68608K, 15% used [0x00000000c0000000,0x00000000c0a5e7c0,0x00000000c4300000)
 Metaspace       used 31269K, capacity 33051K, committed 33152K, reserved 1079296K
  class space    used 3007K, capacity 3659K, committed 3712K, reserved 1048576K
}
Event: 3.193 GC heap after
{Heap after GC invocations=9 (full 1):
 PSYoungGen      total 30208K, used 6482K [0x00000000eab00000, 0x00000000ed200000, 0x0000000100000000)
  eden space 23552K, 0% used [0x00000000eab00000,0x00000000eab00000,0x00000000ec200000)
  from space 6656K, 97% used [0x00000000ecb80000,0x00000000ed1d4b28,0x00000000ed200000)
  to   space 7680K, 0% used [0x00000000ec300000,0x00000000ec300000,0x00000000eca80000)
 ParOldGen       total 68608K, used 13112K [0x00000000c0000000, 0x00000000c4300000, 0x00000000eab00000)
  object space 68608K, 19% used [0x00000000c0000000,0x00000000c0cce200,0x00000000c4300000)
 Metaspace       used 31269K, capacity 33051K, committed 33152K, reserved 1079296K
  class space    used 3007K, capacity 3659K, committed 3712K, reserved 1048576K
}
Event: 3.210 GC heap before
{Heap before GC invocations=10 (full 1):
 PSYoungGen      total 30208K, used 30034K [0x00000000eab00000, 0x00000000ed200000, 0x0000000100000000)
  eden space 23552K, 100% used [0x00000000eab00000,0x00000000ec200000,0x00000000ec200000)
  from space 6656K, 97% used [0x00000000ecb80000,0x00000000ed1d4b28,0x00000000ed200000)
  to   space 7680K, 0% used [0x00000000ec300000,0x00000000ec300000,0x00000000eca80000)
 ParOldGen       total 68608K, used 13112K [0x00000000c0000000, 0x00000000c4300000, 0x00000000eab00000)
  object space 68608K, 19% used [0x00000000c0000000,0x00000000c0cce200,0x00000000c4300000)
 Metaspace       used 31269K, capacity 33051K, committed 33152K, reserved 1079296K
  class space    used 3007K, capacity 3659K, committed 3712K, reserved 1048576K
}
Event: 3.215 GC heap after
{Heap after GC invocations=10 (full 1):
 PSYoungGen      total 29184K, used 5888K [0x00000000eab00000, 0x00000000ece80000, 0x0000000100000000)
  eden space 23040K, 0% used [0x00000000eab00000,0x00000000eab00000,0x00000000ec180000)
  from space 6144K, 95% used [0x00000000ec300000,0x00000000ec8c0010,0x00000000ec900000)
  to   space 5632K, 0% used [0x00000000ec900000,0x00000000ec900000,0x00000000ece80000)
 ParOldGen       total 68608K, used 15723K [0x00000000c0000000, 0x00000000c4300000, 0x00000000eab00000)
  object space 68608K, 22% used [0x00000000c0000000,0x00000000c0f5ad18,0x00000000c4300000)
 Metaspace       used 31269K, capacity 33051K, committed 33152K, reserved 1079296K
  class space    used 3007K, capacity 3659K, committed 3712K, reserved 1048576K
}
Event: 5.147 GC heap before
{Heap before GC invocations=11 (full 1):
 PSYoungGen      total 29184K, used 28928K [0x00000000eab00000, 0x00000000ece80000, 0x0000000100000000)
  eden space 23040K, 100% used [0x00000000eab00000,0x00000000ec180000,0x00000000ec180000)
  from space 6144K, 95% used [0x00000000ec300000,0x00000000ec8c0010,0x00000000ec900000)
  to   space 5632K, 0% used [0x00000000ec900000,0x00000000ec900000,0x00000000ece80000)
 ParOldGen       total 68608K, used 15723K [0x00000000c0000000, 0x00000000c4300000, 0x00000000eab00000)
  object space 68608K, 22% used [0x00000000c0000000,0x00000000c0f5ad18,0x00000000c4300000)
 Metaspace       used 32093K, capacity 33973K, committed 34048K, reserved 1079296K
  class space    used 3083K, capacity 3779K, committed 3840K, reserved 1048576K
}
Event: 5.155 GC heap after
{Heap after GC invocations=11 (full 1):
 PSYoungGen      total 27648K, used 4996K [0x00000000eab00000, 0x00000000ece00000, 0x0000000100000000)
  eden space 22528K, 0% used [0x00000000eab00000,0x00000000eab00000,0x00000000ec100000)
  from space 5120K, 97% used [0x00000000ec900000,0x00000000ecde13d0,0x00000000ece00000)
  to   space 5632K, 0% used [0x00000000ec300000,0x00000000ec300000,0x00000000ec880000)
 ParOldGen       total 68608K, used 19521K [0x00000000c0000000, 0x00000000c4300000, 0x00000000eab00000)
  object space 68608K, 28% used [0x00000000c0000000,0x00000000c1310778,0x00000000c4300000)
 Metaspace       used 32093K, capacity 33973K, committed 34048K, reserved 1079296K
  class space    used 3083K, capacity 3779K, committed 3840K, reserved 1048576K
}
Event: 5.683 GC heap before
{Heap before GC invocations=12 (full 1):
 PSYoungGen      total 27648K, used 16235K [0x00000000eab00000, 0x00000000ece00000, 0x0000000100000000)
  eden space 22528K, 49% used [0x00000000eab00000,0x00000000eb5f9a40,0x00000000ec100000)
  from space 5120K, 97% used [0x00000000ec900000,0x00000000ecde13d0,0x00000000ece00000)
  to   space 5632K, 0% used [0x00000000ec300000,0x00000000ec300000,0x00000000ec880000)
 ParOldGen       total 68608K, used 19521K [0x00000000c0000000, 0x00000000c4300000, 0x00000000eab00000)
  object space 68608K, 28% used [0x00000000c0000000,0x00000000c1310778,0x00000000c4300000)
 Metaspace       used 33415K, capacity 35253K, committed 35416K, reserved 1081344K
  class space    used 3164K, capacity 3843K, committed 3968K, reserved 1048576K
}
Event: 5.688 GC heap after
{Heap after GC invocations=12 (full 1):
 PSYoungGen      total 24064K, used 1061K [0x00000000eab00000, 0x00000000ec980000, 0x0000000100000000)
  eden space 22528K, 0% used [0x00000000eab00000,0x00000000eab00000,0x00000000ec100000)
  from space 1536K, 69% used [0x00000000ec300000,0x00000000ec409450,0x00000000ec480000)
  to   space 3072K, 0% used [0x00000000ec680000,0x00000000ec680000,0x00000000ec980000)
 ParOldGen       total 68608K, used 24389K [0x00000000c0000000, 0x00000000c4300000, 0x00000000eab00000)
  object space 68608K, 35% used [0x00000000c0000000,0x00000000c17d16a8,0x00000000c4300000)
 Metaspace       used 33415K, capacity 35253K, committed 35416K, reserved 1081344K
  class space    used 3164K, capacity 3843K, committed 3968K, reserved 1048576K
}
Event: 5.688 GC heap before
{Heap before GC invocations=13 (full 2):
 PSYoungGen      total 24064K, used 1061K [0x00000000eab00000, 0x00000000ec980000, 0x0000000100000000)
  eden space 22528K, 0% used [0x00000000eab00000,0x00000000eab00000,0x00000000ec100000)
  from space 1536K, 69% used [0x00000000ec300000,0x00000000ec409450,0x00000000ec480000)
  to   space 3072K, 0% used [0x00000000ec680000,0x00000000ec680000,0x00000000ec980000)
 ParOldGen       total 68608K, used 24389K [0x00000000c0000000, 0x00000000c4300000, 0x00000000eab00000)
  object space 68608K, 35% used [0x00000000c0000000,0x00000000c17d16a8,0x00000000c4300000)
 Metaspace       used 33415K, capacity 35253K, committed 35416K, reserved 1081344K
  class space    used 3164K, capacity 3843K, committed 3968K, reserved 1048576K
}
Event: 5.747 GC heap after
{Heap after GC invocations=13 (full 2):
 PSYoungGen      total 24064K, used 0K [0x00000000eab00000, 0x00000000ec980000, 0x0000000100000000)
  eden space 22528K, 0% used [0x00000000eab00000,0x00000000eab00000,0x00000000ec100000)
  from space 1536K, 0% used [0x00000000ec300000,0x00000000ec300000,0x00000000ec480000)
  to   space 3072K, 0% used [0x00000000ec680000,0x00000000ec680000,0x00000000ec980000)
 ParOldGen       total 68608K, used 22094K [0x00000000c0000000, 0x00000000c4300000, 0x00000000eab00000)
  object space 68608K, 32% used [0x00000000c0000000,0x00000000c15938d8,0x00000000c4300000)
 Metaspace       used 33415K, capacity 35253K, committed 35416K, reserved 1081344K
  class space    used 3164K, capacity 3843K, committed 3968K, reserved 1048576K
}

Deoptimization events (10 events):
Event: 4.194 Thread 0x000001ab8f7c6000 Uncommon trap: reason=class_check action=maybe_recompile pc=0x000001ab87bc3024 method=java.util.Spliterators$1Adapter.hasNext()Z @ 12 c2
Event: 4.422 Thread 0x000001ab8f9e5800 Uncommon trap: reason=bimorphic_or_optimized_type_check action=maybe_recompile pc=0x000001ab87ba66dc method=java.util.stream.Sink$ChainedReference.cancellationRequested()Z @ 4 c2
Event: 4.422 Thread 0x000001ab8f9e5800 Uncommon trap: reason=class_check action=maybe_recompile pc=0x000001ab87baa468 method=java.util.ArrayList$ArrayListSpliterator.tryAdvance(Ljava/util/function/Consumer;)Z @ 48 c2
Event: 4.422 Thread 0x000001ab8f9e5800 Uncommon trap: reason=bimorphic_or_optimized_type_check action=maybe_recompile pc=0x000001ab87ba66dc method=java.util.stream.Sink$ChainedReference.cancellationRequested()Z @ 4 c2
Event: 4.436 Thread 0x000001ab8f9e5800 Uncommon trap: reason=unstable_if action=reinterpret pc=0x000001ab87c0e460 method=org.eclipse.jdt.internal.core.JavaElement.setParent(Lorg/eclipse/jdt/internal/core/JavaElement;)V @ 2 c2
Event: 4.458 Thread 0x000001ab8f9e5800 Uncommon trap: reason=profile_predicate action=maybe_recompile pc=0x000001ab87b93be0 method=java.util.TreeMap.put(Ljava/lang/Object;Ljava/lang/Object;)Ljava/lang/Object; @ 55 c2
Event: 4.483 Thread 0x000001ab8f9e5800 Uncommon trap: reason=profile_predicate action=maybe_recompile pc=0x000001ab87c266bc method=java.util.TreeMap.getEntryUsingComparator(Ljava/lang/Object;)Ljava/util/TreeMap$Entry; @ 19 c2
Event: 4.483 Thread 0x000001ab8f9e5800 Uncommon trap: reason=profile_predicate action=maybe_recompile pc=0x000001ab87b93be0 method=java.util.TreeMap.put(Ljava/lang/Object;Ljava/lang/Object;)Ljava/lang/Object; @ 55 c2
Event: 5.411 Thread 0x000001ab8f9e5800 Uncommon trap: reason=unstable_if action=reinterpret pc=0x000001ab87b107e4 method=java.util.Properties$LineReader.readLine()I @ 435 c2
Event: 5.411 Thread 0x000001ab8f9e5800 Uncommon trap: reason=unstable_if action=reinterpret pc=0x000001ab87b68e44 method=java.util.Properties$LineReader.readLine()I @ 117 c2

Classes redefined (0 events):
No events

Internal exceptions (10 events):
Event: 4.460 Thread 0x000001ab8f9e5800 Exception <a 'sun/nio/fs/WindowsException'{0x00000000ebf62f60}> (0x00000000ebf62f60) thrown at [t:/workspace/open/src/hotspot/share/prims/jni.cpp, line 615]
Event: 4.460 Thread 0x000001ab8f9e5800 Exception <a 'sun/nio/fs/WindowsException'{0x00000000ebf66b38}> (0x00000000ebf66b38) thrown at [t:/workspace/open/src/hotspot/share/prims/jni.cpp, line 615]
Event: 4.461 Thread 0x000001ab8f9e5800 Exception <a 'sun/nio/fs/WindowsException'{0x00000000ebf6a668}> (0x00000000ebf6a668) thrown at [t:/workspace/open/src/hotspot/share/prims/jni.cpp, line 615]
Event: 4.463 Thread 0x000001ab8f9e5800 Exception <a 'sun/nio/fs/WindowsException'{0x00000000ebf722a8}> (0x00000000ebf722a8) thrown at [t:/workspace/open/src/hotspot/share/prims/jni.cpp, line 615]
Event: 4.466 Thread 0x000001ab8f9e5800 Exception <a 'sun/nio/fs/WindowsException'{0x00000000ebf7fa98}> (0x00000000ebf7fa98) thrown at [t:/workspace/open/src/hotspot/share/prims/jni.cpp, line 615]
Event: 4.467 Thread 0x000001ab8f9e5800 Exception <a 'java/io/FileNotFoundException'{0x00000000ebf863b0}> (0x00000000ebf863b0) thrown at [t:/workspace/open/src/hotspot/share/prims/jni.cpp, line 615]
Event: 4.471 Thread 0x000001ab8f9e5800 Exception <a 'java/io/FileNotFoundException'{0x00000000ebf99710}> (0x00000000ebf99710) thrown at [t:/workspace/open/src/hotspot/share/prims/jni.cpp, line 615]
Event: 4.472 Thread 0x000001ab8f9e5800 Exception <a 'sun/nio/fs/WindowsException'{0x00000000ebfa16d0}> (0x00000000ebfa16d0) thrown at [t:/workspace/open/src/hotspot/share/prims/jni.cpp, line 615]
Event: 4.478 Thread 0x000001ab8f9e5800 Exception <a 'sun/nio/fs/WindowsException'{0x00000000ebfbe5d0}> (0x00000000ebfbe5d0) thrown at [t:/workspace/open/src/hotspot/share/prims/jni.cpp, line 615]
Event: 4.532 Thread 0x000001ab8f9e5800 Exception <a 'sun/nio/fs/WindowsException'{0x00000000ebfd4fe8}> (0x00000000ebfd4fe8) thrown at [t:/workspace/open/src/hotspot/share/prims/jni.cpp, line 615]

Events (10 events):
Event: 5.411 Thread 0x000001ab8f9e5800 DEOPT PACKING pc=0x000001ab87b68e44 sp=0x00000043c63fcfc0
Event: 5.411 Thread 0x000001ab8f9e5800 DEOPT UNPACKING pc=0x000001ab8002872f sp=0x00000043c63fcf60 mode 2
Event: 5.415 loading class org/eclipse/jdt/internal/compiler/problem/messages_en
Event: 5.415 loading class org/eclipse/jdt/internal/compiler/problem/messages_en done
Event: 5.415 loading class org/eclipse/jdt/internal/compiler/problem/messages_en_IN
Event: 5.415 loading class org/eclipse/jdt/internal/compiler/problem/messages_en_IN done
Event: 5.677 Executing VM operation: Deoptimize
Event: 5.678 Executing VM operation: Deoptimize done
Event: 5.683 Executing VM operation: CollectForMetadataAllocation
Event: 5.747 Executing VM operation: CollectForMetadataAllocation done


Dynamic libraries:
0x00007ff607090000 - 0x00007ff6070d7000 	C:\Program Files\Java\jdk-11.0.6\bin\java.exe
0x00007ffb4f010000 - 0x00007ffb4f205000 	C:\WINDOWS\SYSTEM32\ntdll.dll
0x00007ffb4d160000 - 0x00007ffb4d21d000 	C:\WINDOWS\System32\KERNEL32.DLL
0x00007ffb4c750000 - 0x00007ffb4ca19000 	C:\WINDOWS\System32\KERNELBASE.dll
0x00007ffb4ed10000 - 0x00007ffb4edbc000 	C:\WINDOWS\System32\ADVAPI32.dll
0x00007ffb4e640000 - 0x00007ffb4e6de000 	C:\WINDOWS\System32\msvcrt.dll
0x00007ffb4d440000 - 0x00007ffb4d4db000 	C:\WINDOWS\System32\sechost.dll
0x00007ffb4ee40000 - 0x00007ffb4ef6a000 	C:\WINDOWS\System32\RPCRT4.dll
0x00007ffb4d650000 - 0x00007ffb4d7f0000 	C:\WINDOWS\System32\USER32.dll
0x00007ffb4ca20000 - 0x00007ffb4ca42000 	C:\WINDOWS\System32\win32u.dll
0x00007ffb4d410000 - 0x00007ffb4d43a000 	C:\WINDOWS\System32\GDI32.dll
0x00007ffb4ca50000 - 0x00007ffb4cb5b000 	C:\WINDOWS\System32\gdi32full.dll
0x00007ffb4ccc0000 - 0x00007ffb4cd5d000 	C:\WINDOWS\System32\msvcp_win.dll
0x00007ffb4cbc0000 - 0x00007ffb4ccc0000 	C:\WINDOWS\System32\ucrtbase.dll
0x00007ffb35cb0000 - 0x00007ffb35f4a000 	C:\WINDOWS\WinSxS\amd64_microsoft.windows.common-controls_6595b64144ccf1df_6.0.19041.1110_none_60b5254171f9507e\COMCTL32.dll
0x00007ffb475b0000 - 0x00007ffb475ba000 	C:\WINDOWS\SYSTEM32\VERSION.dll
0x00007ffb4dd10000 - 0x00007ffb4dd40000 	C:\WINDOWS\System32\IMM32.DLL
0x00007ffb46fa0000 - 0x00007ffb46fb6000 	C:\Program Files\Java\jdk-11.0.6\bin\vcruntime140.dll
0x00007ffb111a0000 - 0x00007ffb1124a000 	C:\Program Files\Java\jdk-11.0.6\bin\msvcp140.dll
0x00007ffae1780000 - 0x00007ffae22a9000 	C:\Program Files\Java\jdk-11.0.6\bin\server\jvm.dll
0x00007ffb4def0000 - 0x00007ffb4def8000 	C:\WINDOWS\System32\PSAPI.DLL
0x00007ffb40280000 - 0x00007ffb402a7000 	C:\WINDOWS\SYSTEM32\WINMM.dll
0x00007ffb39250000 - 0x00007ffb39259000 	C:\WINDOWS\SYSTEM32\WSOCK32.dll
0x00007ffb4edd0000 - 0x00007ffb4ee3b000 	C:\WINDOWS\System32\WS2_32.dll
0x00007ffb4b060000 - 0x00007ffb4b072000 	C:\WINDOWS\SYSTEM32\kernel.appcore.dll
0x00007ffb43b10000 - 0x00007ffb43b21000 	C:\Program Files\Java\jdk-11.0.6\bin\verify.dll
0x00007ffb4ad30000 - 0x00007ffb4af14000 	C:\WINDOWS\SYSTEM32\DBGHELP.DLL
0x00007ffb44ae0000 - 0x00007ffb44b0c000 	C:\WINDOWS\SYSTEM32\dbgcore.DLL
0x00007ffb4cd90000 - 0x00007ffb4ce13000 	C:\WINDOWS\System32\bcryptPrimitives.dll
0x00007ffb2db40000 - 0x00007ffb2db69000 	C:\Program Files\Java\jdk-11.0.6\bin\java.dll
0x00007ffb3d4d0000 - 0x00007ffb3d4e6000 	C:\Program Files\Java\jdk-11.0.6\bin\zip.dll
0x00007ffb470c0000 - 0x00007ffb470ca000 	C:\Program Files\Java\jdk-11.0.6\bin\jimage.dll
0x00007ffb4df00000 - 0x00007ffb4e63f000 	C:\WINDOWS\System32\SHELL32.dll
0x00007ffb4a590000 - 0x00007ffb4ad21000 	C:\WINDOWS\SYSTEM32\windows.storage.dll
0x00007ffb4d880000 - 0x00007ffb4dbd5000 	C:\WINDOWS\System32\combase.dll
0x00007ffb4c1c0000 - 0x00007ffb4c1ec000 	C:\WINDOWS\SYSTEM32\Wldp.dll
0x00007ffb4d540000 - 0x00007ffb4d5ee000 	C:\WINDOWS\System32\SHCORE.dll
0x00007ffb4d4e0000 - 0x00007ffb4d535000 	C:\WINDOWS\System32\shlwapi.dll
0x00007ffb4c690000 - 0x00007ffb4c6af000 	C:\WINDOWS\SYSTEM32\profapi.dll
0x00007ffb34490000 - 0x00007ffb344a9000 	C:\Program Files\Java\jdk-11.0.6\bin\net.dll
0x00007ffb42800000 - 0x00007ffb4290a000 	C:\WINDOWS\SYSTEM32\WINHTTP.dll
0x00007ffb4bf20000 - 0x00007ffb4bf8a000 	C:\WINDOWS\system32\mswsock.dll
0x00007ffb31ad0000 - 0x00007ffb31ae3000 	C:\Program Files\Java\jdk-11.0.6\bin\nio.dll
0x00007ffb4c100000 - 0x00007ffb4c118000 	C:\WINDOWS\SYSTEM32\CRYPTSP.dll
0x00007ffb4b850000 - 0x00007ffb4b884000 	C:\WINDOWS\system32\rsaenh.dll
0x00007ffb4cd60000 - 0x00007ffb4cd87000 	C:\WINDOWS\System32\bcrypt.dll
0x00007ffb4c610000 - 0x00007ffb4c63e000 	C:\WINDOWS\SYSTEM32\USERENV.dll
0x00007ffb4c120000 - 0x00007ffb4c12c000 	C:\WINDOWS\SYSTEM32\CRYPTBASE.dll
0x00007ffb4bbc0000 - 0x00007ffb4bbfb000 	C:\WINDOWS\SYSTEM32\IPHLPAPI.DLL
0x00007ffb4edc0000 - 0x00007ffb4edc8000 	C:\WINDOWS\System32\NSI.dll
0x00007ffb45730000 - 0x00007ffb45747000 	C:\WINDOWS\SYSTEM32\dhcpcsvc6.DLL
0x00007ffb46340000 - 0x00007ffb4635d000 	C:\WINDOWS\SYSTEM32\dhcpcsvc.DLL
0x00007ffb4bc00000 - 0x00007ffb4bccc000 	C:\WINDOWS\SYSTEM32\DNSAPI.dll
0x00007ffb26af0000 - 0x00007ffb26b2e000 	C:\Users\Mohit Babani\AppData\Roaming\Code\User\globalStorage\redhat.java\0.80.0\config_ss_win\org.eclipse.equinox.launcher\org.eclipse.equinox.launcher.win32.win32.x86_64_1.2.300.v20210617-0451\eclipse_11502.dll
0x00007ffb22730000 - 0x00007ffb22741000 	C:\Users\Mohit Babani\AppData\Roaming\Code\User\globalStorage\redhat.java\0.80.0\config_ss_win\org.eclipse.osgi\16\0\.cp\jWinHttp-1.0.0.dll
0x00007ffb4dbe0000 - 0x00007ffb4dd0a000 	C:\WINDOWS\System32\ole32.dll

dbghelp: loaded successfully - version: 4.0.5 - missing functions: none
symbol engine: initialized successfully - sym options: 0x614 - pdb path: .;C:\Program Files\Java\jdk-11.0.6\bin;C:\WINDOWS\SYSTEM32;C:\WINDOWS\WinSxS\amd64_microsoft.windows.common-controls_6595b64144ccf1df_6.0.19041.1110_none_60b5254171f9507e;C:\Program Files\Java\jdk-11.0.6\bin\server;C:\Users\Mohit Babani\AppData\Roaming\Code\User\globalStorage\redhat.java\0.80.0\config_ss_win\org.eclipse.equinox.launcher\org.eclipse.equinox.launcher.win32.win32.x86_64_1.2.300.v20210617-0451;C:\Users\Mohit Babani\AppData\Roaming\Code\User\globalStorage\redhat.java\0.80.0\config_ss_win\org.eclipse.osgi\16\0\.cp

VM Arguments:
jvm_args: --add-modules=ALL-SYSTEM --add-opens=java.base/java.util=ALL-UNNAMED --add-opens=java.base/java.lang=ALL-UNNAMED -Declipse.application=org.eclipse.jdt.ls.core.id1 -Dosgi.bundles.defaultStartLevel=4 -Declipse.product=org.eclipse.jdt.ls.core.product -Dfile.encoding=utf8 -DwatchParentProcess=false -XX:+UseParallelGC -XX:GCTimeRatio=4 -XX:AdaptiveSizePolicyWeight=90 -Dsun.zip.disableMemoryMapping=true -Xmx1G -Xms100m -Xverify:none 
java_command: c:\Users\Mohit Babani\.vscode\extensions\redhat.java-0.80.0\server\plugins\org.eclipse.equinox.launcher_1.6.200.v20210416-2027.jar -configuration c:\Users\Mohit Babani\AppData\Roaming\Code\User\globalStorage\redhat.java\0.80.0\config_ss_win -data c:\Users\Mohit Babani\AppData\Roaming\Code\User\workspaceStorage\90c5cf528f7120e6ff1ab774fcbb5bdf\redhat.java\ss_ws
java_class_path (initial): c:\Users\Mohit Babani\.vscode\extensions\redhat.java-0.80.0\server\plugins\org.eclipse.equinox.launcher_1.6.200.v20210416-2027.jar
Launcher Type: SUN_STANDARD

[Global flags]
    uintx AdaptiveSizePolicyWeight                 = 90                                        {product} {command line}
     bool BytecodeVerificationLocal                = false                                     {product} {command line}
     bool BytecodeVerificationRemote               = false                                     {product} {command line}
     intx CICompilerCount                          = 4                                         {product} {ergonomic}
    uintx GCTimeRatio                              = 4                                         {product} {command line}
   size_t InitialHeapSize                          = 104857600                                 {product} {command line}
   size_t MaxHeapSize                              = 1073741824                                {product} {command line}
   size_t MaxNewSize                               = 357564416                                 {product} {ergonomic}
   size_t MinHeapDeltaBytes                        = 524288                                    {product} {ergonomic}
   size_t NewSize                                  = 34603008                                  {product} {ergonomic}
    uintx NonNMethodCodeHeapSize                   = 5836300                                {pd product} {ergonomic}
    uintx NonProfiledCodeHeapSize                  = 122910970                              {pd product} {ergonomic}
   size_t OldSize                                  = 70254592                                  {product} {ergonomic}
    uintx ProfiledCodeHeapSize                     = 122910970                              {pd product} {ergonomic}
    uintx ReservedCodeCacheSize                    = 251658240                              {pd product} {ergonomic}
     bool SegmentedCodeCache                       = true                                      {product} {ergonomic}
     bool UseCompressedClassPointers               = true                                 {lp64_product} {ergonomic}
     bool UseCompressedOops                        = true                                 {lp64_product} {ergonomic}
     bool UseLargePagesIndividualAllocation        = false                                  {pd product} {ergonomic}
     bool UseParallelGC                            = true                                      {product} {command line}

Logging:
Log output configuration:
 #0: stdout all=warning uptime,level,tags
 #1: stderr all=off uptime,level,tags

Environment Variables:
PATH=C:\Program Files (x86)\Intel\Intel(R) Management Engine Components\iCLS\;C:\Program Files\Intel\Intel(R) Management Engine Components\iCLS\;C:\Windows\system32;C:\Windows;C:\Windows\System32\Wbem;C:\Windows\System32\WindowsPowerShell\v1.0\;C:\Windows\System32\OpenSSH\;C:\Program Files (x86)\NVIDIA Corporation\PhysX\Common;C:\Program Files (x86)\Intel\Intel(R) Management Engine Components\DAL;C:\Program Files\Intel\Intel(R) Management Engine Components\DAL;C:\Program Files (x86)\Intel\Intel(R) Management Engine Components\IPT;C:\Program Files\Intel\Intel(R) Management Engine Components\IPT;C:\Program Files\Intel\WiFi\bin\;C:\Program Files\Common Files\Intel\WirelessCommon\;C:\Program Files\Java\jdk-11.0.6\bin;C:\WINDOWS\system32;C:\WINDOWS;C:\WINDOWS\System32\Wbem;C:\WINDOWS\System32\WindowsPowerShell\v1.0\;C:\WINDOWS\System32\OpenSSH\;C:\Android;C:\Program Files\nodejs\;C:\Program Files\Git\cmd;C:\Program Files\MySQL\MySQL Shell 8.0\bin\;C:\Users\Mohit Babani\AppData\Local\Microsoft\WindowsApps;C:\MinGW\bin;C:\Users\Mohit Babani\AppData\Local\Programs\Microsoft VS Code\bin;C:\Users\Mohit Babani\AppData\Roaming\npm
USERNAME=Mohit Babani
OS=Windows_NT
PROCESSOR_IDENTIFIER=Intel64 Family 6 Model 158 Stepping 10, GenuineIntel



---------------  S Y S T E M  ---------------

OS: Windows 10 , 64 bit Build 19041 (10.0.19041.1023)

CPU:total 12 (initial active 12) (6 cores per cpu, 2 threads per core) family 6 model 158 stepping 10, cmov, cx8, fxsr, mmx, sse, sse2, sse3, ssse3, sse4.1, sse4.2, popcnt, avx, avx2, aes, clmul, erms, 3dnowpref, lzcnt, ht, tsc, tscinvbit, bmi1, bmi2, adx, fma

Memory: 4k page, system-wide physical 8051M (1218M free)
TotalPageFile size 17825M (AvailPageFile size 4363M)
current process WorkingSet (physical memory assigned to process): 156M, peak: 156M
current process commit charge ("private bytes"): 256M, peak: 260M

vm_info: Java HotSpot(TM) 64-Bit Server VM (11.0.6+8-LTS) for windows-amd64 JRE (11.0.6+8-LTS), built on Dec 11 2019 09:17:57 by "mach5one" with MS VC++ 15.5 (VS2017)

END.
